<?xml version="1.0" encoding="UTF-8"?>
<!-- Generated by org.testng.reporters.JUnitReportReporter -->
<testsuite skipped="1" hostname="Yogesh" name="com.api.rest.api.restassuredtest.GetMethodTest" tests="12" failures="0" timestamp="09 Jan 2020 04:56:06 GMT" time="11.802" errors="0">
  <testcase name="testGet" time="0.331" classname="com.api.rest.api.restassuredtest.GetMethodTest"/>
  <testcase name="testStatusCode" time="0.220" classname="com.api.rest.api.restassuredtest.GetMethodTest"/>
  <testcase name="testStatusCodeWithThen" time="0.747" classname="com.api.rest.api.restassuredtest.GetMethodTest"/>
  <testcase name="testGetId" time="0.187" classname="com.api.rest.api.restassuredtest.GetMethodTest"/>
  <testcase name="testGetWithIdWithHeader" time="0.120" classname="com.api.rest.api.restassuredtest.GetMethodTest"/>
  <testcase name="testContent" time="3.487" classname="com.api.rest.api.restassuredtest.GetMethodTest"/>
  <testcase name="testContentWithJsonPath" time="0.270" classname="com.api.rest.api.restassuredtest.GetMethodTest"/>
  <testcase name="testXmlContent" time="5.020" classname="com.api.rest.api.restassuredtest.GetMethodTest"/>
  <testcase name="testXmlPathContent" time="0.638" classname="com.api.rest.api.restassuredtest.GetMethodTest"/>
  <testcase name="testXmlContentWithXmlPath" time="0.444" classname="com.api.rest.api.restassuredtest.GetMethodTest"/>
  <testcase name="testJsonContentWithJsonPath" time="0.338" classname="com.api.rest.api.restassuredtest.GetMethodTest"/>
  <testcase name="testGetNonExistantId" classname="com.api.rest.api.restassuredtest.GetMethodTest">
    <skipped/>
  </testcase> <!-- testGetNonExistantId -->
</testsuite> <!-- com.api.rest.api.restassuredtest.GetMethodTest -->
