<?xml version="1.0" encoding="UTF-8"?>
<!-- Generated by org.testng.reporters.JUnitReportReporter -->
<testsuite skipped="0" hostname="Yogesh" name="com.api.rest.api.restassuredtest.TestQueryParameter" tests="1" failures="0" timestamp="09 Jan 2020 05:29:51 GMT" time="12.683" errors="0">
  <testcase name="testQueryPara" time="12.683" classname="com.api.rest.api.restassuredtest.TestQueryParameter"/>
</testsuite> <!-- com.api.rest.api.restassuredtest.TestQueryParameter -->
