<?xml version="1.0" encoding="UTF-8"?>
<!-- Generated by org.testng.reporters.JUnitReportReporter -->
<testsuite skipped="0" hostname="Yogesh" name="com.api.rest.api.helper.PostMethodTest" tests="3" failures="0" timestamp="02 Jan 2020 03:57:10 GMT" time="23.959" errors="0">
  <testcase name="testPostWithJsoStr" time="22.291" classname="com.api.rest.api.helper.PostMethodTest"/>
  <testcase name="testPostWithJsonFile" time="0.056" classname="com.api.rest.api.helper.PostMethodTest"/>
  <testcase name="testPostWithXml" time="1.612" classname="com.api.rest.api.helper.PostMethodTest"/>
</testsuite> <!-- com.api.rest.api.helper.PostMethodTest -->
