<?xml version="1.0" encoding="UTF-8"?>
<!-- Generated by org.testng.reporters.JUnitReportReporter -->
<testsuite skipped="0" hostname="Yogesh" name="com.api.rest.api.helper.GetMethodTest" tests="4" failures="0" timestamp="28 Dec 2019 10:23:06 GMT" time="1.264" errors="0">
  <testcase name="testGetPingAlive" time="1.104" classname="com.api.rest.api.helper.GetMethodTest"/>
  <testcase name="testGetAll" time="0.016" classname="com.api.rest.api.helper.GetMethodTest"/>
  <testcase name="testGetFindWithId" time="0.100" classname="com.api.rest.api.helper.GetMethodTest"/>
  <testcase name="testSecureGetFindWithId" time="0.044" classname="com.api.rest.api.helper.GetMethodTest"/>
</testsuite> <!-- com.api.rest.api.helper.GetMethodTest -->
