<?xml version="1.0" encoding="UTF-8"?>
<!-- Generated by org.testng.reporters.JUnitReportReporter -->
<testsuite skipped="0" hostname="Yogesh" name="com.api.rest.api.restassuredtest.GetMethodTest" tests="1" failures="0" timestamp="05 Feb 2020 00:06:05 GMT" time="0.159" errors="0">
  <testcase name="testGet" time="0.159" classname="com.api.rest.api.restassuredtest.GetMethodTest"/>
</testsuite> <!-- com.api.rest.api.restassuredtest.GetMethodTest -->
