<?xml version="1.0" encoding="UTF-8"?>
<!-- Generated by org.testng.reporters.JUnitReportReporter -->
<testsuite skipped="0" hostname="Yogesh" name="com.api.rest.api.helper.SSLRequestsTest" tests="1" failures="0" timestamp="28 Dec 2019 12:07:13 GMT" time="4.957" errors="0">
  <testcase name="testGetAll" time="4.957" classname="com.api.rest.api.helper.SSLRequestsTest"/>
</testsuite> <!-- com.api.rest.api.helper.SSLRequestsTest -->
