<?xml version="1.0" encoding="UTF-8"?>
<!-- Generated by org.testng.reporters.JUnitReportReporter -->
<testsuite skipped="0" hostname="Yogesh" name="com.api.rest.api.helper.GetMethodTest" tests="3" failures="0" timestamp="21 Dec 2019 07:22:45 GMT" time="1.499" errors="0">
  <testcase name="testGetPingAlive" time="1.323" classname="com.api.rest.api.helper.GetMethodTest"/>
  <testcase name="testGetAll" time="0.015" classname="com.api.rest.api.helper.GetMethodTest"/>
  <testcase name="testGetFindWithId" time="0.161" classname="com.api.rest.api.helper.GetMethodTest"/>
</testsuite> <!-- com.api.rest.api.helper.GetMethodTest -->
