<?xml version="1.0" encoding="UTF-8"?>
<!-- Generated by org.testng.reporters.JUnitReportReporter -->
<testsuite skipped="0" hostname="Yogesh" name="com.api.rest.api.helper.SSLRequestsTest" tests="2" failures="0" timestamp="28 Dec 2019 21:37:20 GMT" time="4.021" errors="0">
  <testcase name="testPost" time="3.695" classname="com.api.rest.api.helper.SSLRequestsTest"/>
  <testcase name="testGetAll" time="0.326" classname="com.api.rest.api.helper.SSLRequestsTest"/>
</testsuite> <!-- com.api.rest.api.helper.SSLRequestsTest -->
