<?xml version="1.0" encoding="UTF-8"?>
<!-- Generated by org.testng.reporters.JUnitReportReporter -->
<testsuite skipped="0" hostname="Yogesh" name="com.api.rest.api.helper.AsyncRequestTest" tests="4" failures="0" timestamp="29 Dec 2019 15:45:06 GMT" time="15.822" errors="0">
  <testcase name="testPostRequest" time="3.426" classname="com.api.rest.api.helper.AsyncRequestTest"/>
  <testcase name="testPutRequest" time="10.810" classname="com.api.rest.api.helper.AsyncRequestTest"/>
  <testcase name="testGetRequest" time="1.255" classname="com.api.rest.api.helper.AsyncRequestTest"/>
  <testcase name="testDelete" time="0.331" classname="com.api.rest.api.helper.AsyncRequestTest"/>
</testsuite> <!-- com.api.rest.api.helper.AsyncRequestTest -->
