<?xml version="1.0" encoding="UTF-8"?>
<!-- Generated by org.testng.reporters.JUnitReportReporter -->
<testsuite skipped="0" hostname="Yogesh" name="com.api.rest.api.helper.GetMethodTest" tests="5" failures="0" timestamp="28 Dec 2019 11:02:48 GMT" time="1.179" errors="0">
  <testcase name="testGetPingAlive" time="0.973" classname="com.api.rest.api.helper.GetMethodTest"/>
  <testcase name="testGetAll" time="0.015" classname="com.api.rest.api.helper.GetMethodTest"/>
  <testcase name="testGetFindWithId" time="0.094" classname="com.api.rest.api.helper.GetMethodTest"/>
  <testcase name="testSecureGetFindWithId" time="0.018" classname="com.api.rest.api.helper.GetMethodTest"/>
  <testcase name="testSecurePromptGetFindAll" time="0.079" classname="com.api.rest.api.helper.GetMethodTest"/>
</testsuite> <!-- com.api.rest.api.helper.GetMethodTest -->
