<?xml version="1.0" encoding="UTF-8"?>
<!-- Generated by org.testng.reporters.JUnitReportReporter -->
<testsuite skipped="0" hostname="Yogesh" name="com.api.rest.api.helper.PutMethodTest" tests="1" failures="0" timestamp="27 Dec 2019 22:11:22 GMT" time="13.950" errors="0">
  <testcase name="testPutMethod" time="13.950" classname="com.api.rest.api.helper.PutMethodTest"/>
</testsuite> <!-- com.api.rest.api.helper.PutMethodTest -->
