<?xml version="1.0" encoding="UTF-8"?>
<!-- Generated by org.testng.reporters.JUnitReportReporter -->
<testsuite skipped="0" hostname="Yogesh" name="com.api.rest.api.helper.PostMethodTest" tests="3" failures="0" timestamp="26 Dec 2019 19:24:52 GMT" time="55.597" errors="0">
  <testcase name="testPostWithJsoStr" time="53.153" classname="com.api.rest.api.helper.PostMethodTest"/>
  <testcase name="testPostWithJsonFile" time="0.027" classname="com.api.rest.api.helper.PostMethodTest"/>
  <testcase name="testPostWithXml" time="2.417" classname="com.api.rest.api.helper.PostMethodTest"/>
</testsuite> <!-- com.api.rest.api.helper.PostMethodTest -->
