<?xml version="1.0" encoding="UTF-8"?>
<!-- Generated by org.testng.reporters.JUnitReportReporter -->
<testsuite skipped="0" hostname="Yogesh" name="com.api.rest.api.helper.SSLRequestsTest" tests="4" failures="0" timestamp="29 Dec 2019 10:03:15 GMT" time="14.010" errors="0">
  <testcase name="testPost" time="3.491" classname="com.api.rest.api.helper.SSLRequestsTest"/>
  <testcase name="testGetAll" time="0.081" classname="com.api.rest.api.helper.SSLRequestsTest"/>
  <testcase name="testPut" time="10.394" classname="com.api.rest.api.helper.SSLRequestsTest"/>
  <testcase name="testDelete" time="0.044" classname="com.api.rest.api.helper.SSLRequestsTest"/>
</testsuite> <!-- com.api.rest.api.helper.SSLRequestsTest -->
