<?xml version="1.0" encoding="UTF-8"?>
<!-- Generated by org.testng.reporters.JUnitReportReporter -->
<testsuite skipped="0" hostname="Yogesh" name="com.api.rest.api.helper.DeleteMethodTest" tests="1" failures="0" timestamp="27 Dec 2019 20:09:48 GMT" time="1.744" errors="0">
  <testcase name="testDelete" time="1.744" classname="com.api.rest.api.helper.DeleteMethodTest"/>
</testsuite> <!-- com.api.rest.api.helper.DeleteMethodTest -->
